2025.10.05 19:50:23 MYSTIC 001 Irregular shutdown event
2025.10.05 19:50:51 MYSTIC 001 Irregular shutdown event
2025.10.05 19:52:13 MYSTIC 001 Irregular shutdown event
2025.10.05 19:53:11 MYSTIC 001 Irregular shutdown event
2025.10.05 19:54:03 MYSTIC 001 Irregular shutdown event
2025.10.05 19:55:32 MYSTIC 001 Irregular shutdown event
2025.10.05 20:21:34 MYSTIC 001 Error loading menu: bbslist
2025.10.05 20:22:59 MYSTIC 001 Cannot load theme: default
2025.10.05 20:41:34 MYSTIC 001 Irregular shutdown event
2025.10.05 20:41:34 MYSTIC 002 Irregular shutdown event
2025.10.05 20:41:34 MYSTIC 003 Irregular shutdown event
2025.10.05 20:42:02 MYSTIC 001 Irregular shutdown event
2025.10.05 20:47:22 MYSTIC 001 Irregular shutdown event
2025.10.05 22:14:41 MYSTIC 001 Error loading menu: test
2025.10.05 22:43:27 MYSTIC 001 Irregular shutdown event
2025.10.05 23:53:33 MYSTIC 001 Irregular shutdown event
2025.11.05 00:16:38 MYSTIC 001 Irregular shutdown event
2025.11.05 00:17:03 MYSTIC 001 Irregular shutdown event
2025.11.05 00:17:41 MYSTIC 001 Irregular shutdown event
2025.11.05 00:18:04 MYSTIC 001 Irregular shutdown event
2025.11.05 00:18:35 MYSTIC 001 Irregular shutdown event
2025.11.05 00:21:42 MYSTIC 001 Irregular shutdown event
2025.11.05 00:26:35 MYSTIC 001 Irregular shutdown event
2025.11.05 00:27:02 MYSTIC 001 Irregular shutdown event
2025.11.05 00:31:21 MYSTIC 001 Irregular shutdown event
2025.11.05 00:32:15 MYSTIC 001 Irregular shutdown event
2025.11.05 00:32:45 MYSTIC 001 Irregular shutdown event
2025.11.05 00:47:32 MYSTIC 001 Irregular shutdown event
2025.11.05 11:50:00 MYSTIC 001 Error loading menu: unverified
2025.11.05 12:17:22 MYSTIC 002 Error loading menu: utimebank
2025.11.05 12:17:46 MYSTIC 002 Error loading menu: utimebank
2025.11.05 12:20:22 MYSTIC 002 Error loading menu: utimebank
2025.11.05 13:51:27 MYSTIC 001 Error loading menu: utimebank
2025.13.05 10:34:01 MYSTIC 001 Filebase path does not exist: Uploads
2025.25.05 11:55:12 MYSTIC 001 Unable to open: /home/dumitru/mystic/msgs/email
2025.25.05 11:55:12 MYSTIC 001 Unable to open: /home/dumitru/mystic/msgs/email
