
------------------- Node 3 (Mystic v1.12 A48 2023/01/15)
2025.05.10 20:41:29 Connect from local (local)
2025.05.10 20:41:29 Setting time left to 30
2025.05.10 20:41:34 Irregular shutdown event

------------------- Node 3 (Mystic v1.12 A48 2023/01/15)
2025.05.22 13:33:43 Connect from 176.65.148.10 (hosted-by.pfcloud.io)
2025.05.22 13:33:43 Country: Unknown
2025.05.22 13:33:43 Setting time left to 30
2025.05.22 13:34:16 Setting menu to "main" (Default start menu)
2025.05.22 13:34:16 Shutting down

------------------- Node 3 (Mystic v1.12 A48 2023/01/15)
2025.05.22 14:03:13 Connect from 176.65.148.11 (hosted-by.pfcloud.io)
2025.05.22 14:03:13 Country: Unknown
2025.05.22 14:03:13 Setting time left to 30
2025.05.22 14:03:24 Setting menu to "main" (Default start menu)
2025.05.22 14:03:24 Shutting down

------------------- Node 3 (Mystic v1.12 A48 2023/01/15)
2025.05.23 00:23:11 Connect from 123.243.96.82 (123-243-96-82.tpgi.com.au)
2025.05.23 00:23:11 Country: Unknown
2025.05.23 00:23:11 Setting time left to 30
2025.05.23 00:23:45 Setting menu to "main" (Default start menu)
2025.05.23 00:23:45 Shutting down

------------------- Node 3 (Mystic v1.12 A48 2023/01/15)
2025.05.23 05:22:45 Connect from 176.65.148.236 (hosted-by.pfcloud.io)
2025.05.23 05:22:45 Country: Unknown
2025.05.23 05:22:45 Setting time left to 30
2025.05.23 05:23:18 Setting menu to "main" (Default start menu)
2025.05.23 05:23:18 Shutting down

------------------- Node 3 (Mystic v1.12 A48 2023/01/15)
2025.05.23 07:20:45 Connect from 115.49.1.146 (hn.kd.ny.adsl)
2025.05.23 07:20:45 Country: Unknown
2025.05.23 07:20:45 Setting time left to 30
2025.05.23 07:20:58 Setting menu to "main" (Default start menu)
2025.05.23 07:20:58 Shutting down

------------------- Node 3 (Mystic v1.12 A48 2023/01/15)
2025.05.23 07:21:01 Connect from 115.49.1.146 (hn.kd.ny.adsl)
2025.05.23 07:21:01 Country: Unknown
2025.05.23 07:21:01 Setting time left to 30
2025.05.23 07:21:14 Setting menu to "main" (Default start menu)
2025.05.23 07:21:14 Shutting down

------------------- Node 3 (Mystic v1.12 A48 2023/01/15)
2025.05.23 07:27:52 Connect from 93.116.248.55 (host-static-93-116-248-55.moldtelecom.md)
2025.05.23 07:27:52 Country: Unknown
2025.05.23 07:27:52 Setting time left to 30
2025.05.23 07:27:58 dumi logged in
2025.05.23 07:27:58 First login today, setting time to 999
2025.05.23 07:27:58 Setting time left to 999
2025.05.23 07:27:59 Setting menu to "main" (Default start menu)
2025.05.23 07:30:43 User logged off
2025.05.23 07:30:43 Shutting down

------------------- Node 3 (Mystic v1.12 A48 2023/01/15)
2025.05.24 05:44:34 Connect from 205.210.31.222 (Unknown)
2025.05.24 05:44:34 Country: Unknown
2025.05.24 05:44:34 Setting time left to 30
2025.05.24 05:44:42 Setting menu to "main" (Default start menu)
2025.05.24 05:44:42 Shutting down

------------------- Node 3 (Mystic v1.12 A48 2023/01/15)
2025.05.24 11:40:36 Connect from 172.104.93.159 (li1703-159.members.linode.com)
2025.05.24 11:40:36 Country: Unknown
2025.05.24 11:40:36 Setting time left to 30
2025.05.24 11:41:30 Setting menu to "main" (Default start menu)
2025.05.24 11:41:30 Shutting down

------------------- Node 3 (Mystic v1.12 A48 2023/01/15)
2025.05.25 07:54:57 Connect from 176.65.148.234 (hosted-by.pfcloud.io)
2025.05.25 07:54:57 Country: Unknown
2025.05.25 07:54:57 Setting time left to 30
2025.05.25 07:55:30 Setting menu to "main" (Default start menu)
2025.05.25 07:55:30 Shutting down

------------------- Node 3 (Mystic v1.12 A48 2023/01/15)
2025.05.25 17:24:10 Connect from 121.154.116.86 (Unknown)
2025.05.25 17:24:10 Country: Unknown
2025.05.25 17:24:10 Setting time left to 30
2025.05.25 17:24:10 Asking for system password
2025.05.25 17:24:11 Bad password attempt
2025.05.25 17:24:13 Bad password attempt
2025.05.25 17:24:14 Bad password attempt
2025.05.25 17:24:14 Failed system password
2025.05.25 17:24:14 Setting menu to "main" (Default start menu)
2025.05.25 17:24:14 Shutting down
